<?xml version="1.0" encoding="UTF-8"?>
<!-- Generated by org.testng.reporters.JUnitXMLReporter -->
<testsuite ignored="0" hostname="DESKTOP-DHSQEQD" failures="0" tests="4" name="Test" time="227.379" errors="0" timestamp="2022-06-04T17:34:28 IST">
  <testcase classname="Academy.ValidateNavigationbar" name="BasepageNavigation" time="0.895"/>
  <testcase classname="Academy.ValidateTitle" name="BasepageNavigation" time="0.693"/>
  <testcase classname="Academy.HomePage" name="basepageNavigation" time="2.311"/>
  <testcase classname="Academy.HomePage" name="basepageNavigation" time="1.248"/>
</testsuite> <!-- Test -->
