<?xml version="1.0" encoding="UTF-8"?>
<!-- Generated by org.testng.reporters.JUnitXMLReporter -->
<testsuite hostname="DESKTOP-DHSQEQD" ignored="0" name="Test" tests="4" failures="0" timestamp="2022-06-04T20:46:36 IST" time="283.391" errors="0">
  <testcase name="BasepageNavigation" time="1.204" classname="Academy.ValidateNavigationbar"/>
  <testcase name="BasepageNavigation" time="0.166" classname="Academy.ValidateTitle"/>
  <testcase name="basepageNavigation" time="2.84" classname="Academy.HomePage"/>
  <testcase name="basepageNavigation" time="1.383" classname="Academy.HomePage"/>
</testsuite> <!-- Test -->
