<?xml version="1.0" encoding="UTF-8"?>
<testsuite xmlns:xsi="http://www.w3.org/2001/XMLSchema-instance" xsi:noNamespaceSchemaLocation="https://maven.apache.org/surefire/maven-surefire-plugin/xsd/surefire-test-report-3.0.xsd" version="3.0" name="TestSuite" time="214.117" tests="4" errors="0" skipped="0" failures="1">
  <properties>
[...]
</properties>
  <testcase name="BasepageNavigation" classname="Academy.ValidateNavigationbar" time="1.564">
    <system-err><![CDATA[SLF4J: Failed to load class "org.slf4j.impl.StaticLoggerBinder".
SLF4J: Defaulting to no-operation (NOP) logger implementation
SLF4J: See http://www.slf4j.org/codes.html#StaticLoggerBinder for further details.
SSStttaraatrrittniig nnCgghr  oCCmhherrDoormmieevDDerririv ve1er02r  .1010.0225..0000..55.50060150. 5(601.e 615( 9(0be0c5e9c5b0c09ccbc0c04cc90c84059cc8c5e43c9e9a38d953acd1e3c3119c5a0150d063051f6c151f55910d59905d69a5d5f3a-d1r35e-9frdes9/f5bsr/aabdrn3ac-hnc-rhhee-fsh/eads/5005ads/500@5{@{#819}) on port 51686
Only locabranch-heads/5005@{l# 81co9n}n)e cotni opnosr t a6r0e8 9#5al8
l1oO9nw}le)yd . lono
 cPaplloe rcaotn 5n7e7c1t3ion
sO nalyre l aocllaolw ecdo.nne
cPltieoasnse  asreeese  saelel ohwtetdp.s
P:/l/cehroamese drseiev hetr.chrtompisum:/./ocrhrome dhrgitt/vpseesr:c.ucr/h/irotchmy-ircuomomn.eosdrirgdie/vsreearct.uicorinhtsry o-fmcoioru nssmiu.dgogreger/asttsiieooncnssu  rofiont ry k-secuegpoignenssgi tdiCehorrnaostm ioeonD rnkisve eefpro irns gas fuCeg.hgr
oesmteiDornisv eorn  kseaefpei.ng
 ChromeDriver safe.
CChhroromemDeDrriiChvroemerv Derr wiavse rs twaasrt esdt asrutcecde sssufcuclelsys.fu
llwya.s 
started successfully.
[[16156555887744992211.169][WARNING]: Timed out connecting to Chrome, retrying...
.177][WARNING]: Timed out connecting to Chrome, retrying...
Jun 22, 2022 10:45:30 AM org.openqa.selenium.remote.ProtocolHandshake createSession
INFO: Detected dialect: W3C
Jun 22, 2022 10:45:30 AM org.openqa.selenium.remote.ProtocolHandshake createSession
INFO: Detected dialect: W3C
Jun 22, 2022 10:45:30 AM org.openqa.selenium.remote.ProtocolHandshake createSession
INFO: Detected dialect: W3C
Jun 22, 2022 10:45:39 AM org.openqa.selenium.devtools.CdpVersionFinder findNearestMatch
WARNING: Unable to find an exact match for CDP version 102, so returning the closest version found: 101
Jun 22, 2022 10:45:39 AM org.openqa.selenium.devtools.CdpVersionFinder findNearestMatch
WARNING: Unable to find an exact match for CDP version 102, so returning the closest version found: 101
Jun 22, 2022 10:45:39 AM org.openqa.selenium.devtools.CdpVersionFinder findNearestMatch
INFO: Found CDP implementation for version 102 of 101
Jun 22, 2022 10:45:39 AM org.openqa.selenium.devtools.CdpVersionFinder findNearestMatch
WARNING: Unable to find an exact match for CDP version 102, so returning the closest version found: 101
Jun 22, 2022 10:45:39 AM org.openqa.selenium.devtools.CdpVersionFinder findNearestMatch
INFO: Found CDP implementation for version 102 of 101
Jun 22, 2022 10:45:39 AM org.openqa.selenium.devtools.CdpVersionFinder findNearestMatch
INFO: Found CDP implementation for version 102 of 101
]]></system-err>
  </testcase>
  <testcase name="ValidateAppTitle" classname="Academy.ValidateTitle" time="1.601">
    <failure message="expected [FEATURED 123COURSES] but found [FEATURED COURSES]" type="java.lang.AssertionError"><![CDATA[java.lang.AssertionError: expected [FEATURED 123COURSES] but found [FEATURED COURSES]
	at org.testng.Assert.fail(Assert.java:99)
	at org.testng.Assert.failNotEquals(Assert.java:1037)
	at org.testng.Assert.assertEqualsImpl(Assert.java:140)
	at org.testng.Assert.assertEquals(Assert.java:122)
	at org.testng.Assert.assertEquals(Assert.java:629)
	at org.testng.Assert.assertEquals(Assert.java:639)
	at Academy.ValidateTitle.ValidateAppTitle(ValidateTitle.java:39)
	at sun.reflect.NativeMethodAccessorImpl.invoke0(Native Method)
	at sun.reflect.NativeMethodAccessorImpl.invoke(NativeMethodAccessorImpl.java:62)
	at sun.reflect.DelegatingMethodAccessorImpl.invoke(DelegatingMethodAccessorImpl.java:43)
	at java.lang.reflect.Method.invoke(Method.java:498)
	at org.testng.internal.MethodInvocationHelper.invokeMethod(MethodInvocationHelper.java:133)
	at org.testng.internal.TestInvoker.invokeMethod(TestInvoker.java:598)
	at org.testng.internal.TestInvoker.invokeTestMethod(TestInvoker.java:173)
	at org.testng.internal.MethodRunner.runInSequence(MethodRunner.java:46)
	at org.testng.internal.TestInvoker$MethodInvocationAgent.invoke(TestInvoker.java:824)
	at org.testng.internal.TestInvoker.invokeTestMethods(TestInvoker.java:146)
	at org.testng.internal.TestMethodWorker.invokeTestMethods(TestMethodWorker.java:146)
	at org.testng.internal.TestMethodWorker.run(TestMethodWorker.java:128)
	at java.util.ArrayList.forEach(ArrayList.java:1259)
	at org.testng.TestRunner.privateRun(TestRunner.java:794)
	at org.testng.TestRunner.run(TestRunner.java:596)
	at org.testng.SuiteRunner.runTest(SuiteRunner.java:377)
	at org.testng.SuiteRunner.access$000(SuiteRunner.java:28)
	at org.testng.SuiteRunner$SuiteWorker.run(SuiteRunner.java:418)
	at org.testng.internal.thread.ThreadUtil.lambda$execute$0(ThreadUtil.java:64)
	at java.util.concurrent.FutureTask.run(FutureTask.java:266)
	at java.util.concurrent.ThreadPoolExecutor.runWorker(ThreadPoolExecutor.java:1149)
	at java.util.concurrent.ThreadPoolExecutor$Worker.run(ThreadPoolExecutor.java:624)
	at java.lang.Thread.run(Thread.java:748)
]]></failure>
  </testcase>
  <testcase name="basepageNavigation[NonRestricteduser@qw.com, 123456, Restricted User](1)" classname="Academy.HomePage" time="3.092">
    <system-out><![CDATA[Restricted User
]]></system-out>
  </testcase>
  <testcase name="basepageNavigation[Restricteduser@qw.com, 123456, NonRestricted User](2)" classname="Academy.HomePage" time="1.964">
    <system-out><![CDATA[NonRestricted User
]]></system-out>
  </testcase>
</testsuite>