<?xml version="1.0" encoding="UTF-8"?>
<testng-results ignored="0" total="2" passed="2" failed="0" skipped="0">
  <reporter-output>
  </reporter-output>
  <suite started-at="2022-06-21T16:13:34 IST" name="Default suite" finished-at="2022-06-21T16:14:20 IST" duration-ms="46142">
    <groups>
    </groups>
    <test started-at="2022-06-21T16:13:34 IST" name="Default test" finished-at="2022-06-21T16:14:20 IST" duration-ms="46142">
      <class name="Academy.HomePage">
        <test-method is-config="true" signature="initialize()[pri:0, instance:Academy.HomePage@1c6804cd]" started-at="2022-06-21T16:13:34 IST" name="initialize" finished-at="2022-06-21T16:14:15 IST" duration-ms="40753" status="PASS">
          <reporter-output>
          </reporter-output>
        </test-method> <!-- initialize -->
        <test-method signature="basepageNavigation(java.lang.String,java.lang.String,java.lang.String)[pri:0, instance:Academy.HomePage@1c6804cd]" started-at="2022-06-21T16:14:15 IST" name="basepageNavigation" data-provider="getdata" finished-at="2022-06-21T16:14:17 IST" duration-ms="2648" status="PASS">
          <params>
            <param index="0">
              <value>
                <![CDATA[NonRestricteduser@qw.com]]>
              </value>
            </param>
            <param index="1">
              <value>
                <![CDATA[123456]]>
              </value>
            </param>
            <param index="2">
              <value>
                <![CDATA[Restricted User]]>
              </value>
            </param>
          </params>
          <reporter-output>
          </reporter-output>
        </test-method> <!-- basepageNavigation -->
        <test-method signature="basepageNavigation(java.lang.String,java.lang.String,java.lang.String)[pri:0, instance:Academy.HomePage@1c6804cd]" started-at="2022-06-21T16:14:17 IST" name="basepageNavigation" data-provider="getdata" finished-at="2022-06-21T16:14:20 IST" duration-ms="2254" status="PASS">
          <params>
            <param index="0">
              <value>
                <![CDATA[Restricteduser@qw.com]]>
              </value>
            </param>
            <param index="1">
              <value>
                <![CDATA[123456]]>
              </value>
            </param>
            <param index="2">
              <value>
                <![CDATA[NonRestricted User]]>
              </value>
            </param>
          </params>
          <reporter-output>
          </reporter-output>
        </test-method> <!-- basepageNavigation -->
        <test-method is-config="true" signature="teardown()[pri:0, instance:Academy.HomePage@1c6804cd]" started-at="2022-06-21T16:14:20 IST" name="teardown" finished-at="2022-06-21T16:14:20 IST" duration-ms="323" status="PASS">
          <reporter-output>
          </reporter-output>
        </test-method> <!-- teardown -->
      </class> <!-- Academy.HomePage -->
    </test> <!-- Default test -->
  </suite> <!-- Default suite -->
</testng-results>
